INFO: [HLS 200-10] Running '/home/breandan/Xilinx/Vitis/2020.1/bin/unwrapped/lnx64.o/vitis_hls'
INFO: [HLS 200-10] For user 'breandan' on host 'breandan-desktop' (Linux_x86_64 version 5.13.0-48-generic) on Thu Jun 16 09:40:33 CDT 2022
INFO: [HLS 200-10] On os Ubuntu 20.04.4 LTS
INFO: [HLS 200-10] In directory '/home/breandan/Xilinx/DSPBlocks'
Sourcing Tcl script '/home/breandan/Xilinx/DSPBlocks/FFTBlock/solution1/csynth.tcl'
INFO: [HLS 200-10] Opening project '/home/breandan/Xilinx/DSPBlocks/FFTBlock'.
INFO: [HLS 200-10] Adding design file 'fftBlock.cpp' to the project
INFO: [HLS 200-10] Adding test bench file 'fftBlock_tb.cpp' to the project
INFO: [HLS 200-10] Opening solution '/home/breandan/Xilinx/DSPBlocks/FFTBlock/solution1'.
INFO: [SYN 201-201] Setting up clock 'default' with a period of 10ns.
INFO: [HLS 200-10] Setting target device to 'xc7z010-clg400-1'
INFO: [HLS 200-1505] Using flow_target 'vivado'
Resolution: For help on HLS 200-1505 see www.xilinx.com/html_docs/xilinx2020_1/hls-guidance/200-1505.html
INFO: [SYN 201-201] Setting up clock 'default' with a period of 10ns.
INFO: [HLS 200-10] Analyzing design file 'fftBlock.cpp' ... 
ERROR: [HLS 214-126] An Array of user defined type 'in' in function 'fftBlock' cannot be used  as an axi slave stream or as a fifo. Use hls::stream<'in'> instead: fftBlock.cpp:8
ERROR: [HLS 214-126] An Array of user defined type 'out' in function 'fftBlock' cannot be used  as an axi slave stream or as a fifo. Use hls::stream<'out'> instead: fftBlock.cpp:8
Syntax check failed
    while executing
"source /home/breandan/Xilinx/DSPBlocks/FFTBlock/solution1/csynth.tcl"
    invoked from within
"hls::main /home/breandan/Xilinx/DSPBlocks/FFTBlock/solution1/csynth.tcl"
    ("uplevel" body line 1)
    invoked from within
"uplevel 1 hls::main {*}$args"
    (procedure "hls_proc" line 5)
    invoked from within
"hls_proc $argv"
