INFO-FLOW: Workspace /home/breandan/Xilinx/DSPBlocks/FFTBlock/solution1 opened at Thu Jun 16 09:40:33 CDT 2022
Execute     ap_set_clock -name default -period 10 -default=false 
INFO: [SYN 201-201] Setting up clock 'default' with a period of 10ns.
Execute     open_platform DefaultPlatform 
Execute     import_lib /home/breandan/Xilinx/Vitis/2020.1/common/technology/xilinx/zynq/zynq 
Execute       source /home/breandan/Xilinx/Vitis/2020.1/common/technology/xilinx/common/xilinx.lib 
Execute         source /home/breandan/Xilinx/Vitis/2020.1/common/technology/xilinx/common/dsp48.lib 
Execute       source /home/breandan/Xilinx/Vitis/2020.1/common/technology/xilinx/common/xilinx.hlp 
Execute         source /home/breandan/Xilinx/Vitis/2020.1/common/technology/xilinx/interface/xilinx_interface.hlp 
Execute           source /home/breandan/Xilinx/Vitis/2020.1/common/technology/xilinx/interface/maxi.hlp 
Execute           source /home/breandan/Xilinx/Vitis/2020.1/common/technology/xilinx/interface/saxilite.hlp 
Execute         source /home/breandan/Xilinx/Vitis/2020.1/common/technology/xilinx/common/dsp48.hlp 
Execute       source /home/breandan/Xilinx/Vitis/2020.1/common/technology/xilinx/zynq/dsp48e1.hlp 
Execute     source /home/breandan/Xilinx/Vitis/2020.1/common/technology/xilinx/zynq/zynq.gen 
Execute       source /home/breandan/Xilinx/Vitis/2020.1/common/technology/xilinx/common/xilinx.gen 
Execute         source /home/breandan/Xilinx/Vitis/2020.1/common/technology/xilinx/interface/plb46.gen 
Execute         source /home/breandan/Xilinx/Vitis/2020.1/common/technology/xilinx/interface/axi4.gen 
Execute         source /home/breandan/Xilinx/Vitis/2020.1/common/technology/xilinx/interface/nativeAXI4.gen 
Execute           source /home/breandan/Xilinx/Vitis/2020.1/common/technology/xilinx/interface/saxilite.gen 
Execute           source /home/breandan/Xilinx/Vitis/2020.1/common/technology/xilinx/interface/maxi.gen 
Execute         source /home/breandan/Xilinx/Vitis/2020.1/common/technology/xilinx/scripts/xilinxcoregen.gen 
Execute         source /home/breandan/Xilinx/Vitis/2020.1/common/technology/xilinx/interface/XilEDKCoreGen.gen 
Execute         source /home/breandan/Xilinx/Vitis/2020.1/common/technology/xilinx/ip/dds_compiler.gen 
Execute         source /home/breandan/Xilinx/Vitis/2020.1/common/technology/xilinx/ip/util.gen 
Execute         source /home/breandan/Xilinx/Vitis/2020.1/common/technology/xilinx/ip/xfft.gen 
Execute         source /home/breandan/Xilinx/Vitis/2020.1/common/technology/xilinx/ip/xfir.gen 
Execute         source /home/breandan/Xilinx/Vitis/2020.1/common/technology/xilinx/common/dsp48.gen 
Execute     open_platform DefaultPlatform 
Execute     import_lib /home/breandan/Xilinx/Vitis/2020.1/common/technology/xilinx/zynq/zynq_fpv6 
Execute       source /home/breandan/Xilinx/Vitis/2020.1/common/technology/xilinx/common/xilinx_fp.lib 
Execute       source /home/breandan/Xilinx/Vitis/2020.1/common/technology/xilinx/common/xilinx_fp.hlp 
Execute         source /home/breandan/Xilinx/Vitis/2020.1/common/technology/xilinx/common/xilinx.hlp 
Execute           source /home/breandan/Xilinx/Vitis/2020.1/common/technology/xilinx/interface/xilinx_interface.hlp 
Execute             source /home/breandan/Xilinx/Vitis/2020.1/common/technology/xilinx/interface/maxi.hlp 
Execute             source /home/breandan/Xilinx/Vitis/2020.1/common/technology/xilinx/interface/saxilite.hlp 
Execute           source /home/breandan/Xilinx/Vitis/2020.1/common/technology/xilinx/common/dsp48.hlp 
Execute     source /home/breandan/Xilinx/Vitis/2020.1/common/technology/xilinx/zynq/zynq_fpv6.gen 
Execute       source /home/breandan/Xilinx/Vitis/2020.1/common/technology/xilinx/common/xilinx_fp.gen 
Execute     set_part xc7z010clg400-1 
INFO-FLOW: DBG:set_part: XILINX_VIVADO=/home/breandan/Xilinx/Vivado/2020.1
INFO-FLOW: DBG:set_part: RDI_DATADIR=/home/breandan/Xilinx/Vivado/2020.1/data:/home/breandan/Xilinx/Vitis/2020.1/data
Execute       ap_part_info -name xc7z010clg400-1 -data single -quiet 
DBG:HLSDevice: Trying to load device library: /home/breandan/Xilinx/Vitis/2020.1/lib/lnx64.o/librdi_hlsvwrap.so
DBG:HLSDevice: first parts/arch.xml in RDI_DATADIR: /home/breandan/Xilinx/Vivado/2020.1/data/parts/arch.xml
Command       ap_part_info done; 1.23 sec.
Execute       ap_part_info -name xc7z010clg400-1 -data info 
Execute       ap_family_info -name zynq -data info 
Execute       add_library xilinx/zynq/zynq:xc7z010:-clg400:-1 
Execute         get_default_platform 
Execute         ap_part_info -data single -name xc7z010-clg400-1 
Execute         ap_part_info -name xc7z010-clg400-1 -data resources 
Execute         config_chip_info -resource {SLICE 4400} {LUT 17600} {FF 35200} {DSP 80} {BRAM 120} {URAM 0} 
Execute         ap_part_info -name xc7z010-clg400-1 -data info 
Execute         config_chip_info -speed slow 
Execute       add_library xilinx/zynq/zynq_fpv6 
Execute         get_default_platform 
INFO: [HLS 200-10] Setting target device to 'xc7z010-clg400-1'
Execute       ap_part_info -name xc7z010-clg400-1 -data info 
Execute       get_default_platform 
Command     set_part done; 1.3 sec.
Execute     ap_part_info -data single -name xc7z010clg400-1 
Execute     ap_part_info -name xc7z010clg400-1 -data resources 
Execute     config_chip_info -resource {SLICE 4400} {LUT 17600} {FF 35200} {DSP 80} {BRAM 120} {URAM 0} 
Execute     ap_part_info -name xc7z010clg400-1 -data info 
Execute     config_chip_info -speed slow 
Execute     send_msg_by_id INFO @200-1505@%s%s  vivado 
INFO: [HLS 200-1505] Using flow_target 'vivado'
Execute     get_config_interface -m_axi_latency 
Execute     get_config_interface -m_axi_alignment_byte_size 
Execute     get_config_interface -m_axi_max_widen_bitwidth 
Execute     get_config_interface -default_interface 
Execute     get_config_interface -default_slave_interface 
Execute     get_config_rtl -register_reset_num 
Command   open_solution done; 1.46 sec.
Execute   set_part xc7z010clg400-1 
INFO-FLOW: DBG:set_part: XILINX_VIVADO=/home/breandan/Xilinx/Vivado/2020.1
INFO-FLOW: DBG:set_part: RDI_DATADIR=/home/breandan/Xilinx/Vivado/2020.1/data:/home/breandan/Xilinx/Vitis/2020.1/data
Execute     ap_part_info -name xc7z010clg400-1 -data single -quiet 
Execute     ap_part_info -name xc7z010clg400-1 -data info 
Execute     ap_family_info -name zynq -data info 
Execute     add_library xilinx/zynq/zynq:xc7z010:-clg400:-1 
Execute       get_default_platform 
Execute       ap_part_info -data single -name xc7z010-clg400-1 
Execute       ap_part_info -name xc7z010-clg400-1 -data resources 
Execute       config_chip_info -resource {SLICE 4400} {LUT 17600} {FF 35200} {DSP 80} {BRAM 120} {URAM 0} 
Execute       ap_part_info -name xc7z010-clg400-1 -data info 
Execute       config_chip_info -speed slow 
Execute     add_library xilinx/zynq/zynq_fpv6 
Execute       get_default_platform 
Execute     ap_part_info -name xc7z010-clg400-1 -data info 
Execute     get_default_platform 
Execute   create_clock -period 10 -name default 
Execute     ap_set_clock -name default -period 10 -default=false 
INFO: [SYN 201-201] Setting up clock 'default' with a period of 10ns.
Execute   csynth_design 
Execute     get_config_compile -dump_cfg 
Execute     get_config_compile -effort 
Execute     get_config_compile -enable_clang39 
Execute     get_config_compile -g 
Execute     get_config_compile -ng 
Execute     get_config_compile -opt_fp 
Execute     get_config_compile -skip_cdt 
Execute     get_config_compile -skip_syncheck 
Execute     get_config_compile -skip_transform 
Execute     get_config_compile -keep_printf 
Execute     elaborate -effort=medium -skip_syncheck=0 -keep_printf=0 -skip_cdt=0 -skip_transform=0 -ng=0 -g=0 -opt_fp=0 -from_csynth_design=1 
INFO: [HLS 200-10] Analyzing design file 'fftBlock.cpp' ... 
INFO-FLOW: Compiling one TU...
Execute       get_config_compile -pragma_strict_mode 
INFO-FLOW: Handling fftBlock.cpp as C++
Execute       ap_part_info -name xc7z010-clg400-1 -data info 
INFO-FLOW: Running: GCC PP 39
INFO-FLOW: Source preprocessing
Execute       ap_eval exec -ignorestderr /home/breandan/Xilinx/Vitis/2020.1/lnx64/tools/clang-3.9-csynth/bin/clang -fsave-optimization-record -foptimization-record-file=/home/breandan/Xilinx/DSPBlocks/FFTBlock/solution1/.autopilot/db/clang.fftBlock.cpp.diag.yml -fno-limit-debug-info -gcc-toolchain /home/breandan/Xilinx/Vivado/2020.1/tps/lnx64/gcc-6.2.0 -fhls -fno-exceptions -E fftBlock.cpp -fno-math-errno -c -emit-llvm -mllvm -disable-llvm-optzns -Werror=implicit-function-declaration -Werror=implicit-hls-streams -Werror=return-type -Wpragmas -Wunused-parameter -fno-threadsafe-statics -fno-use-cxa-atexit -std=gnu++14 -target fpga64-xilinx-linux-gnu -fno-threadsafe-statics -fno-use-cxa-atexit -I /home/breandan/Xilinx/Vitis/2020.1/common/technology/autopilot/39 -DAESL_SYN -D__SYNTHESIS__ -D__HLS_SYN__ -I /home/breandan/Xilinx/Vitis/2020.1/common/technology/autopilot -I /home/breandan/Xilinx/Vitis/2020.1/common/technology/autopilot/ap_sysc -include etc/autopilot_ssdm_op.h -D__DSP48E1__ -o /home/breandan/Xilinx/DSPBlocks/FFTBlock/solution1/.autopilot/db/fftBlock.pp.0.cpp > /home/breandan/Xilinx/DSPBlocks/FFTBlock/solution1/.autopilot/db/clang.fftBlock.cpp.out.log 2> /home/breandan/Xilinx/DSPBlocks/FFTBlock/solution1/.autopilot/db/clang.fftBlock.cpp.err.log 
Command       ap_eval done; 1.09 sec.
INFO-FLOW: Done: GCC PP 39 time: 1.1 seconds per iteration
Execute       set_directive_top fftBlock -name=fftBlock 
INFO-FLOW: Setting directive 'TOP' name=fftBlock 
INFO-FLOW: Setting directive 'TOP' name=fftBlock 
Execute       source /home/breandan/Xilinx/Vitis/2020.1/tps/tcl/tcllib1.11.1/yaml/huddle.tcl 
Execute       source /home/breandan/Xilinx/Vitis/2020.1/tps/tcl/tcllib1.11.1/yaml/json2huddle.tcl 
Execute         source /home/breandan/Xilinx/Vitis/2020.1/tps/tcl/tcllib1.11.1/try/try.tcl 
INFO-FLOW: Setting directive 'TOP' name=fftBlock 
Execute       list_core -type functional_unit 
Execute       clang_tidy xilinx-systemc-detector /home/breandan/Xilinx/DSPBlocks/FFTBlock/solution1/.autopilot/db/fftBlock.pp.0.cpp std=gnu++14 -target fpga  -directive=/home/breandan/Xilinx/DSPBlocks/FFTBlock/solution1/.autopilot/db/.systemc_flag 
INFO-FLOW: exec /home/breandan/Xilinx/Vitis/2020.1/lnx64/tools/clang-3.9-csynth/bin/clang-tidy -header-filter=.* --checks=-*,xilinx-systemc-detector -import-directive=/home/breandan/Xilinx/DSPBlocks/FFTBlock/solution1/.autopilot/db/.systemc_flag -fix-errors /home/breandan/Xilinx/DSPBlocks/FFTBlock/solution1/.autopilot/db/fftBlock.pp.0.cpp -- -std=gnu++14 -target fpga -fhls -ferror-limit=0
Command       clang_tidy done; 1.15 sec.
INFO-FLOW: Running: clang-tidy CDT preprocess 39
Execute       clang_tidy xilinx-directive2pragma /home/breandan/Xilinx/DSPBlocks/FFTBlock/solution1/.autopilot/db/fftBlock.pp.0.cpp std=gnu++14 -target fpga  -directive=/home/breandan/Xilinx/DSPBlocks/FFTBlock/solution1/.autopilot/db/all.directive.json 
INFO-FLOW: exec /home/breandan/Xilinx/Vitis/2020.1/lnx64/tools/clang-3.9-csynth/bin/clang-tidy -header-filter=.* --checks=-*,xilinx-directive2pragma -import-directive=/home/breandan/Xilinx/DSPBlocks/FFTBlock/solution1/.autopilot/db/all.directive.json -fix-errors /home/breandan/Xilinx/DSPBlocks/FFTBlock/solution1/.autopilot/db/fftBlock.pp.0.cpp -- -std=gnu++14 -target fpga -fhls -ferror-limit=0
Command       clang_tidy done; 0.91 sec.
Execute       clang_tidy xilinx-constantarray-param,xilinx-remove-assert /home/breandan/Xilinx/DSPBlocks/FFTBlock/solution1/.autopilot/db/fftBlock.pp.0.cpp std=gnu++14 -target fpga  
INFO-FLOW: exec /home/breandan/Xilinx/Vitis/2020.1/lnx64/tools/clang-3.9-csynth/bin/clang-tidy -header-filter=.* --checks=-*,xilinx-constantarray-param,xilinx-remove-assert -fix-errors /home/breandan/Xilinx/DSPBlocks/FFTBlock/solution1/.autopilot/db/fftBlock.pp.0.cpp -- -std=gnu++14 -target fpga -fhls -ferror-limit=0
Command       clang_tidy done; 1 sec.
INFO-FLOW: Done: clang-tidy CDT preprocess 39 time: 1.9 seconds per iteration
INFO-FLOW: Calling xilinx-label-all-loops ... 
Execute       clang_tidy -errorcheck xilinx-label-all-loops /home/breandan/Xilinx/DSPBlocks/FFTBlock/solution1/.autopilot/db/fftBlock.pp.0.cpp std=gnu++14 -target fpga  
Execute         ap_eval exec -ignorestderr /home/breandan/Xilinx/Vitis/2020.1/lnx64/tools/clang-3.9-csynth/bin/clang-tidy -export-fixes=/home/breandan/Xilinx/DSPBlocks/FFTBlock/solution1/.autopilot/db/clang-tidy.fftBlock.pp.0.cpp.diag.yml -header-filter=.* --checks=-*,xilinx-label-all-loops -fix-errors /home/breandan/Xilinx/DSPBlocks/FFTBlock/solution1/.autopilot/db/fftBlock.pp.0.cpp -- -std=gnu++14 -target fpga -fhls -ferror-limit=0 > /home/breandan/Xilinx/DSPBlocks/FFTBlock/solution1/.autopilot/db/clang-tidy.fftBlock.pp.0.cpp.out.log 2> /home/breandan/Xilinx/DSPBlocks/FFTBlock/solution1/.autopilot/db/clang-tidy.fftBlock.pp.0.cpp.err.log 
Command         ap_eval done; 1.07 sec.
Execute         source /home/breandan/Xilinx/Vitis/2020.1/tps/tcl/tcllib1.11.1/yaml/yaml.tcl 
Execute           source /home/breandan/Xilinx/Vitis/2020.1/tps/tcl/tcllib1.11.1/cmdline/cmdline.tcl 
Command       clang_tidy done; 1.18 sec.
Execute       clang_tidy -errorcheck xilinx-top-parameters /home/breandan/Xilinx/DSPBlocks/FFTBlock/solution1/.autopilot/db/fftBlock.pp.0.cpp std=gnu++14 -target fpga  
Execute         ap_eval exec -ignorestderr /home/breandan/Xilinx/Vitis/2020.1/lnx64/tools/clang-3.9-csynth/bin/clang-tidy -export-fixes=/home/breandan/Xilinx/DSPBlocks/FFTBlock/solution1/.autopilot/db/clang-tidy.fftBlock.pp.0.cpp.diag.yml -header-filter=.* --checks=-*,xilinx-top-parameters -fix-errors /home/breandan/Xilinx/DSPBlocks/FFTBlock/solution1/.autopilot/db/fftBlock.pp.0.cpp -- -std=gnu++14 -target fpga -fhls -ferror-limit=0 > /home/breandan/Xilinx/DSPBlocks/FFTBlock/solution1/.autopilot/db/clang-tidy.fftBlock.pp.0.cpp.out.log 2> /home/breandan/Xilinx/DSPBlocks/FFTBlock/solution1/.autopilot/db/clang-tidy.fftBlock.pp.0.cpp.err.log 
Command         ap_eval done; 0.6 sec.
ERROR: [HLS 214-126] An Array of user defined type 'in' in function 'fftBlock' cannot be used  as an axi slave stream or as a fifo. Use hls::stream<'in'> instead: fftBlock.cpp:8
ERROR: [HLS 214-126] An Array of user defined type 'out' in function 'fftBlock' cannot be used  as an axi slave stream or as a fifo. Use hls::stream<'out'> instead: fftBlock.cpp:8
Command       clang_tidy done; error code: 2; 0.61 sec.
Command     elaborate done; error code: 2; 6.01 sec.
Command   csynth_design done; error code: 2; 6.01 sec.
Command ap_source done; error code: 1; 7.55 sec.
Execute cleanup_all 
